  main.cpp
d:\mvsprog\task71\project1\project1\main.cpp(9): warning C4018: <: несоответствие типов со знаком и без знака
d:\mvsprog\task71\project1\project1\main.cpp(15): warning C4018: <: несоответствие типов со знаком и без знака
d:\mvsprog\task71\project1\project1\main.cpp(16): warning C4244: =: преобразование "wint_t" в "char", возможна потеря данных
d:\mvsprog\task71\project1\project1\main.cpp(17): warning C4018: <: несоответствие типов со знаком и без знака
d:\mvsprog\task71\project1\project1\main.cpp(32): warning C4018: <=: несоответствие типов со знаком и без знака
d:\mvsprog\task71\project1\project1\main.cpp(38): warning C4018: >: несоответствие типов со знаком и без знака
d:\mvsprog\task71\project1\project1\main.cpp(49): warning C4018: <=: несоответствие типов со знаком и без знака
d:\mvsprog\task71\project1\project1\main.cpp(55): warning C4018: <: несоответствие типов со знаком и без знака
d:\mvsprog\task71\project1\project1\main.cpp(70): warning C4018: <=: несоответствие типов со знаком и без знака
d:\mvsprog\task71\project1\project1\main.cpp(76): warning C4018: <: несоответствие типов со знаком и без знака
d:\mvsprog\task71\project1\project1\main.cpp(93): warning C4018: <=: несоответствие типов со знаком и без знака
d:\mvsprog\task71\project1\project1\main.cpp(103): warning C4018: <=: несоответствие типов со знаком и без знака
d:\mvsprog\task71\project1\project1\main.cpp(111): warning C4018: <: несоответствие типов со знаком и без знака
d:\mvsprog\task71\project1\project1\main.cpp(127): warning C4018: <: несоответствие типов со знаком и без знака
d:\mvsprog\task71\project1\project1\main.cpp(129): warning C4018: <: несоответствие типов со знаком и без знака
d:\mvsprog\task71\project1\project1\main.cpp(138): warning C4018: <=: несоответствие типов со знаком и без знака
d:\mvsprog\task71\project1\project1\main.cpp(151): warning C4018: <=: несоответствие типов со знаком и без знака
d:\mvsprog\task71\project1\project1\main.cpp(180): warning C4018: <=: несоответствие типов со знаком и без знака
d:\mvsprog\task71\project1\project1\main.cpp(187): warning C4018: <: несоответствие типов со знаком и без знака
  Project1.vcxproj -> D:\MVSProg\Task71\Project1\Debug\Project1.exe
