  main.cpp
d:\mvsprog\task73_1l\project1\project1\main.cpp(104): warning C4018: <: несоответствие типов со знаком и без знака
d:\mvsprog\task73_1l\project1\project1\main.cpp(134): warning C4018: <=: несоответствие типов со знаком и без знака
d:\mvsprog\task73_1l\project1\project1\main.cpp(144): warning C4018: <: несоответствие типов со знаком и без знака
d:\mvsprog\task73_1l\project1\project1\main.cpp(168): warning C4244: аргумент: преобразование "double" в "int", возможна потеря данных
d:\mvsprog\task73_1l\project1\project1\main.cpp(170): warning C4244: аргумент: преобразование "double" в "int", возможна потеря данных
d:\mvsprog\task73_1l\project1\project1\main.cpp(172): warning C4244: аргумент: преобразование "double" в "int", возможна потеря данных
d:\mvsprog\task73_1l\project1\project1\main.cpp(187): warning C4018: <: несоответствие типов со знаком и без знака
d:\mvsprog\task73_1l\project1\project1\main.cpp(194): warning C4244: аргумент: преобразование "double" в "int", возможна потеря данных
d:\mvsprog\task73_1l\project1\project1\main.cpp(196): warning C4244: аргумент: преобразование "double" в "int", возможна потеря данных
d:\mvsprog\task73_1l\project1\project1\main.cpp(198): warning C4244: аргумент: преобразование "double" в "int", возможна потеря данных
d:\mvsprog\task73_1l\project1\project1\main.cpp(214): warning C4018: <: несоответствие типов со знаком и без знака
d:\mvsprog\task73_1l\project1\project1\main.cpp(216): warning C4018: <: несоответствие типов со знаком и без знака
d:\mvsprog\task73_1l\project1\project1\main.cpp(233): warning C4018: <: несоответствие типов со знаком и без знака
d:\mvsprog\task73_1l\project1\project1\main.cpp(235): warning C4018: <: несоответствие типов со знаком и без знака
d:\mvsprog\task73_1l\project1\project1\main.cpp(252): warning C4018: <: несоответствие типов со знаком и без знака
d:\mvsprog\task73_1l\project1\project1\main.cpp(254): warning C4018: <: несоответствие типов со знаком и без знака
d:\mvsprog\task73_1l\project1\project1\main.cpp(271): warning C4018: <: несоответствие типов со знаком и без знака
d:\mvsprog\task73_1l\project1\project1\main.cpp(273): warning C4018: <: несоответствие типов со знаком и без знака
d:\mvsprog\task73_1l\project1\project1\main.cpp(290): warning C4018: <: несоответствие типов со знаком и без знака
d:\mvsprog\task73_1l\project1\project1\main.cpp(292): warning C4018: <: несоответствие типов со знаком и без знака
d:\mvsprog\task73_1l\project1\project1\main.cpp(312): warning C4018: <: несоответствие типов со знаком и без знака
d:\mvsprog\task73_1l\project1\project1\main.cpp(314): warning C4018: <: несоответствие типов со знаком и без знака
d:\mvsprog\task73_1l\project1\project1\main.cpp(338): warning C4018: <: несоответствие типов со знаком и без знака
d:\mvsprog\task73_1l\project1\project1\main.cpp(340): warning C4018: <: несоответствие типов со знаком и без знака
d:\mvsprog\task73_1l\project1\project1\main.cpp(363): warning C4018: <: несоответствие типов со знаком и без знака
d:\mvsprog\task73_1l\project1\project1\main.cpp(382): warning C4018: <: несоответствие типов со знаком и без знака
d:\mvsprog\task73_1l\project1\project1\main.cpp(401): warning C4018: <: несоответствие типов со знаком и без знака
d:\mvsprog\task73_1l\project1\project1\main.cpp(139): warning C4717: Delete: рекурсия на всех путях выполнения, функция вызовет переполнение стека
  Project1.vcxproj -> D:\MVSProg\Task73_1L\Project1\Debug\Project1.exe
